Using gromos method for clustering
Using RMSD cutoff 0.2 nm
The RMSD ranges from 0.0617908 to 0.441471 nm
Average RMSD is 0.208404
Number of structures for matrix 1001
Energy of the matrix is 77.8882 nm

Found 6 clusters


cl. | #st  rmsd | middle rmsd | cluster members
  1 | 838  0.197 |  38240 .168 |  10000  10080  10120  10160  10200  10240  10280
    |           |             |  10360  10400  10440  10480  10520  10560  10600
    |           |             |  10640  10680  10720  10760  10800  10840  10880
    |           |             |  10920  10960  11000  11080  11120  11160  11200
    |           |             |  11680  11720  12240  12280  12400  12840  12920
    |           |             |  13040  13080  13120  13200  13240  13320  13360
    |           |             |  13400  13440  13480  13520  13560  13600  13640
    |           |             |  13680  13760  13800  13840  13880  13920  13960
    |           |             |  14000  14040  14080  14160  14200  14240  14280
    |           |             |  14320  14360  14400  14440  14480  14520  14560
    |           |             |  14600  14640  14680  14720  14760  14800  14840
    |           |             |  14880  14920  14960  15000  15040  15080  15120
    |           |             |  15160  15240  15280  15320  15360  15400  15640
    |           |             |  15680  15720  15760  15800  15840  15880  15960
    |           |             |  16000  16080  16120  16160  16200  16240  16280
    |           |             |  16320  16360  16400  16440  16480  16520  16560
    |           |             |  16600  16640  16680  16720  16760  16800  16840
    |           |             |  16880  16920  16960  17000  17040  17080  17120
    |           |             |  17160  17200  17240  17280  17320  17360  17400
    |           |             |  17440  17480  17520  17560  17600  17640  17680
    |           |             |  17720  17840  17960  18080  18120  18240  18280
    |           |             |  18320  18440  18480  18800  18880  18920  18960
    |           |             |  19000  19040  19080  19120  19160  19200  19240
    |           |             |  19320  19360  19400  19600  19720  19760  19800
    |           |             |  19880  19920  19960  20000  20040  20080  20160
    |           |             |  20200  20240  20320  20360  20400  20440  20480
    |           |             |  20520  20560  20600  20640  20680  20720  20760
    |           |             |  20800  20840  20880  20920  20960  21040  21080
    |           |             |  21120  21160  21200  21240  21280  21320  21360
    |           |             |  21440  21480  21560  21600  21640  21680  21760
    |           |             |  21800  21880  21920  22200  22240  22280  22320
    |           |             |  22760  22800  22840  22880  22920  22960  23160
    |           |             |  23200  23240  23400  23440  23480  23560  23600
    |           |             |  23640  23680  23720  23760  23800  23840  23880
    |           |             |  23920  23960  24000  24040  24120  24160  24200
    |           |             |  24240  24280  24320  24360  24400  24440  24480
    |           |             |  24520  24560  24600  24640  24720  24760  24800
    |           |             |  24840  24880  24920  24960  25000  25040  25080
    |           |             |  25120  25160  25200  25240  25280  25320  25360
    |           |             |  25400  25440  25480  25520  25560  25600  25640
    |           |             |  25680  25720  25760  25800  25840  25880  25920
    |           |             |  25960  26040  26080  26120  26160  26200  26240
    |           |             |  26280  26320  26360  26400  26440  26480  26520
    |           |             |  26600  26640  26680  26720  26760  26800  26840
    |           |             |  26880  26920  26960  27000  27040  27080  27120
    |           |             |  27160  27320  27360  27400  27440  27520  27560
    |           |             |  27600  27640  27680  27720  27760  27800  27840
    |           |             |  27880  27920  27960  28000  28040  28080  28120
    |           |             |  28160  28200  28240  28280  28320  28360  28400
    |           |             |  28440  28480  28520  28560  28600  28640  28680
    |           |             |  28720  28800  28840  28880  28920  28960  29000
    |           |             |  29040  29120  29160  29200  29240  29280  29320
    |           |             |  29360  29400  29480  29560  29640  29680  29720
    |           |             |  29760  29800  29840  29880  29920  29960  30000
    |           |             |  30040  30080  30120  30160  30200  30240  30280
    |           |             |  30320  30360  30400  30440  30480  30520  30560
    |           |             |  30600  30640  30680  30720  30760  30800  30840
    |           |             |  30880  30920  30960  31000  31040  31080  31120
    |           |             |  31160  31200  31240  31280  31320  31360  31400
    |           |             |  31440  31480  31520  31560  31600  31640  31680
    |           |             |  31720  31760  31800  31840  31880  31920  31960
    |           |             |  32000  32040  32080  32120  32160  32200  32240
    |           |             |  32280  32320  32360  32400  32440  32480  32520
    |           |             |  32560  32600  32640  32680  32720  32760  32800
    |           |             |  32840  32880  32920  32960  33000  33040  33080
    |           |             |  33120  33160  33200  33240  33280  33320  33360
    |           |             |  33400  33440  33480  33520  33560  33600  33640
    |           |             |  33680  33720  33760  33800  33840  33880  33920
    |           |             |  33960  34000  34040  34080  34120  34160  34200
    |           |             |  34240  34280  34320  34360  34400  34440  34480
    |           |             |  34520  34560  34600  34640  34680  34720  34760
    |           |             |  34800  34840  34880  34920  34960  35000  35040
    |           |             |  35080  35120  35160  35200  35240  35280  35320
    |           |             |  35360  35400  35440  35480  35520  35560  35600
    |           |             |  35640  35680  35720  35760  35800  35840  35880
    |           |             |  35920  35960  36000  36040  36080  36120  36160
    |           |             |  36200  36240  36280  36320  36360  36400  36440
    |           |             |  36480  36520  36560  36600  36640  36680  36720
    |           |             |  36760  36800  36840  36880  36920  36960  37000
    |           |             |  37040  37080  37120  37160  37200  37240  37280
    |           |             |  37320  37360  37400  37440  37480  37520  37560
    |           |             |  37600  37640  37680  37720  37760  37800  37840
    |           |             |  37880  37920  37960  38000  38040  38080  38120
    |           |             |  38160  38200  38240  38280  38320  38360  38400
    |           |             |  38440  38480  38520  38560  38600  38640  38680
    |           |             |  38720  38760  38800  38840  38880  38920  38960
    |           |             |  39000  39040  39080  39120  39160  39200  39240
    |           |             |  39280  39320  39360  39400  39440  39480  39520
    |           |             |  39560  39600  39640  39680  39720  39760  39800
    |           |             |  39840  39880  39920  39960  40000  40120  40160
    |           |             |  40200  40240  40280  40320  40360  40400  40440
    |           |             |  40480  40520  40560  40600  40640  40680  40720
    |           |             |  40760  40800  40840  40880  40920  40960  41000
    |           |             |  41040  41080  41120  41160  41200  41240  41320
    |           |             |  41360  41400  41440  41480  41520  41560  41600
    |           |             |  41640  41680  41720  41760  41800  41840  41880
    |           |             |  41920  41960  42000  42040  42080  42120  42160
    |           |             |  42200  42240  42280  42320  42360  42400  42440
    |           |             |  42480  42520  42560  42600  42640  42680  42720
    |           |             |  42760  42800  42840  42880  42920  42960  43000
    |           |             |  43040  43080  43120  43160  43200  43240  43280
    |           |             |  43320  43360  43400  43440  43480  43520  43560
    |           |             |  43600  43640  43680  43720  43760  43800  43840
    |           |             |  43880  43920  43960  44000  44040  44080  44120
    |           |             |  44160  44200  44240  44280  44320  44360  44400
    |           |             |  44480  44520  44640  44680  44720  44760  44840
    |           |             |  44880  44920  44960  45000  45040  45080  45120
    |           |             |  45160  45200  45240  45280  45320  45400  45440
    |           |             |  45480  45520  45560  45600  45640  45680  45720
    |           |             |  45760  45800  45840  45880  45920  45960  46000
    |           |             |  46040  46080  46120  46160  46200  46240  46280
    |           |             |  46320  46360  46400  46560  46600  46640  46680
    |           |             |  46720  46760  46800  46840  46880  46920  46960
    |           |             |  47000  47080  47120  47160  47200  47240  47280
    |           |             |  47320  47360  47400  47440  47480  47600  47640
    |           |             |  47680  47760  47840  48080  48240  48280  48320
    |           |             |  48440  48600  48640  48680  48760  48800  48840
    |           |             |  48920  49080  49120  49160  49200  49240  49280
    |           |             |  49320  49400  49440  49480  49560  49600  49640
    |           |             |  49800  49840  49880  49960  50000
  2 | 118  0.194 |  18400 .168 |  10320  11040  11240  11280  11320  11360  11400
    |           |             |  11440  11480  11520  11560  11600  11640  11760
    |           |             |  11800  11840  11880  11920  11960  12000  12040
    |           |             |  12080  12120  12160  12200  12320  12360  12440
    |           |             |  12480  12520  12560  12600  12640  12680  12720
    |           |             |  12760  12800  12880  12960  13000  13160  13280
    |           |             |  13720  14120  15200  15440  15480  15520  15560
    |           |             |  15600  15920  16040  17760  17800  17880  17920
    |           |             |  18000  18040  18160  18200  18360  18400  18520
    |           |             |  18560  18600  18640  18680  18720  18760  18840
    |           |             |  19280  19440  19480  19520  19560  19640  19840
    |           |             |  20120  20280  21000  21400  21520  21720  21840
    |           |             |  21960  22000  22040  22120  22160  22360  22400
    |           |             |  22440  22480  22520  22560  22600  22640  22680
    |           |             |  22720  23000  23040  23080  23120  23280  23320
    |           |             |  23360  23520  24080  24680  26000  26560  27200
    |           |             |  27240  27280  27480  28760  29440  29520
  3 |  39  0.160 |  47960 .133 |  40040  41280  44440  44560  44600  44800  45360
    |           |             |  46440  46480  46520  47040  47520  47560  47720
    |           |             |  47800  47880  47920  47960  48000  48040  48120
    |           |             |  48160  48200  48360  48400  48480  48520  48560
    |           |             |  48720  48880  48960  49000  49040  49360  49520
    |           |             |  49680  49720  49760  49920
  4 |   4  0.244 |  29080 .201 |  10040  22080  29080  29600
  5 |   1       |  19680      |  19680
  6 |   1       |  40080      |  40080
